
> omniweb@0.1.0 start
> react-scripts start

(node:2302) [DEP_WEBPACK_DEV_SERVER_ON_AFTER_SETUP_MIDDLEWARE] DeprecationWarning: 'onAfterSetupMiddleware' option is deprecated. Please use the 'setupMiddlewares' option.
(Use `node --trace-deprecation ...` to show where the warning was created)
(node:2302) [DEP_WEBPACK_DEV_SERVER_ON_BEFORE_SETUP_MIDDLEWARE] DeprecationWarning: 'onBeforeSetupMiddleware' option is deprecated. Please use the 'setupMiddlewares' option.
Starting the development server...

Compiled successfully!

You can now view omniweb in the browser.

  Local:            http://localhost:3000
  On Your Network:  http://192.168.0.2:3000

Note that the development build is not optimized.
To create a production build, use npm run build.

webpack compiled successfully
Compiling...
Failed to compile.

[eslint]
src/App.js
  Line 178:56:  'quizConfig' is not defined  no-undef

Search for the keywords to learn more about each error.
ERROR in [eslint]
src/App.js
  Line 178:56:  'quizConfig' is not defined  no-undef

Search for the keywords to learn more about each error.

webpack compiled with 1 error
Compiling...
Compiled successfully!
webpack compiled successfully
Compiling...
Failed to compile.

[eslint]
src/App.js
  Line 362:22:  'QuizConfig' is not defined  react/jsx-no-undef

Search for the keywords to learn more about each error.
ERROR in [eslint]
src/App.js
  Line 362:22:  'QuizConfig' is not defined  react/jsx-no-undef

Search for the keywords to learn more about each error.

webpack compiled with 1 error
Compiling...
Compiled successfully!
webpack compiled successfully
